<?xml version="1.0" encoding="UTF-8"?>
<!-- Generated by org.testng.reporters.JUnitReportReporter -->
<testsuite hostname="LP-5CG02385TQ" failures="0" tests="1" name="com.appium.Phone" time="34.099" errors="0" timestamp="2023-04-01T11:26:42 IST" skipped="0">
  <testcase classname="com.appium.Phone" name="Appinfo2" time="34.099"/>
  <system-out/>
</testsuite> <!-- com.appium.Phone -->
